2024-09-27T08:55:24.678+06:00  INFO 59804 --- [Banking System APIGateway] [main] c.a.apigateway.ApiGatewayApplication     : Starting ApiGatewayApplication using Java 22.0.2 with PID 59804 (E:\Desktop Shortcut\Demo Code\Spring Boot Demo Projects\Banking System\Banking System Microservice\APIGateway\target\classes started by samrat.alam in E:\Desktop Shortcut\Demo Code\Spring Boot Demo Projects\Banking System\Banking System Microservice)
2024-09-27T08:55:24.681+06:00  INFO 59804 --- [Banking System APIGateway] [main] c.a.apigateway.ApiGatewayApplication     : No active profile set, falling back to 1 default profile: "default"
2024-09-27T08:55:26.482+06:00  INFO 59804 --- [Banking System APIGateway] [main] .s.d.r.c.RepositoryConfigurationDelegate : Bootstrapping Spring Data JPA repositories in DEFAULT mode.
2024-09-27T08:55:26.758+06:00  INFO 59804 --- [Banking System APIGateway] [main] .s.d.r.c.RepositoryConfigurationDelegate : Finished Spring Data repository scanning in 250 ms. Found 4 JPA repository interfaces.
2024-09-27T08:55:28.012+06:00  INFO 59804 --- [Banking System APIGateway] [main] o.s.b.w.embedded.tomcat.TomcatWebServer  : Tomcat initialized with port 7070 (http)
2024-09-27T08:55:28.034+06:00  INFO 59804 --- [Banking System APIGateway] [main] o.apache.catalina.core.StandardService   : Starting service [Tomcat]
2024-09-27T08:55:28.035+06:00  INFO 59804 --- [Banking System APIGateway] [main] o.apache.catalina.core.StandardEngine    : Starting Servlet engine: [Apache Tomcat/10.1.30]
2024-09-27T08:55:28.132+06:00  INFO 59804 --- [Banking System APIGateway] [main] o.a.c.c.C.[Tomcat].[localhost].[/]       : Initializing Spring embedded WebApplicationContext
2024-09-27T08:55:28.132+06:00  INFO 59804 --- [Banking System APIGateway] [main] w.s.c.ServletWebServerApplicationContext : Root WebApplicationContext: initialization completed in 3391 ms
2024-09-27T08:55:28.605+06:00  INFO 59804 --- [Banking System APIGateway] [main] o.hibernate.jpa.internal.util.LogHelper  : HHH000204: Processing PersistenceUnitInfo [name: default]
2024-09-27T08:55:28.721+06:00  INFO 59804 --- [Banking System APIGateway] [main] org.hibernate.Version                    : HHH000412: Hibernate ORM core version 6.5.3.Final
2024-09-27T08:55:28.792+06:00  INFO 59804 --- [Banking System APIGateway] [main] o.h.c.internal.RegionFactoryInitiator    : HHH000026: Second-level cache disabled
2024-09-27T08:55:29.507+06:00  INFO 59804 --- [Banking System APIGateway] [main] o.s.o.j.p.SpringPersistenceUnitInfo      : No LoadTimeWeaver setup: ignoring JPA class transformer
2024-09-27T08:55:29.569+06:00  INFO 59804 --- [Banking System APIGateway] [main] com.zaxxer.hikari.HikariDataSource       : HikariPool-1 - Starting...
2024-09-27T08:55:30.663+06:00  INFO 59804 --- [Banking System APIGateway] [main] com.zaxxer.hikari.pool.HikariPool        : HikariPool-1 - Added connection org.postgresql.jdbc.PgConnection@491cc0eb
2024-09-27T08:55:30.665+06:00  INFO 59804 --- [Banking System APIGateway] [main] com.zaxxer.hikari.HikariDataSource       : HikariPool-1 - Start completed.
2024-09-27T08:55:30.793+06:00  WARN 59804 --- [Banking System APIGateway] [main] org.hibernate.orm.deprecation            : HHH90000025: PostgreSQLDialect does not need to be specified explicitly using 'hibernate.dialect' (remove the property setting and it will be selected by default)
2024-09-27T08:55:32.361+06:00  INFO 59804 --- [Banking System APIGateway] [main] o.h.e.t.j.p.i.JtaPlatformInitiator       : HHH000489: No JTA platform available (set 'hibernate.transaction.jta.platform' to enable JTA platform integration)
2024-09-27T08:55:33.665+06:00  INFO 59804 --- [Banking System APIGateway] [main] j.LocalContainerEntityManagerFactoryBean : Initialized JPA EntityManagerFactory for persistence unit 'default'
2024-09-27T08:55:34.278+06:00  INFO 59804 --- [Banking System APIGateway] [main] o.s.d.j.r.query.QueryEnhancerFactory     : Hibernate is in classpath; If applicable, HQL parser will be used.
2024-09-27T08:55:34.813+06:00  INFO 59804 --- [Banking System APIGateway] [main] eAuthenticationProviderManagerConfigurer : Global AuthenticationManager configured with AuthenticationProvider bean with name authenticationProvider
2024-09-27T08:55:34.814+06:00  WARN 59804 --- [Banking System APIGateway] [main] r$InitializeUserDetailsManagerConfigurer : Global AuthenticationManager configured with an AuthenticationProvider bean. UserDetailsService beans will not be used for username/password login. Consider removing the AuthenticationProvider bean. Alternatively, consider using the UserDetailsService in a manually instantiated DaoAuthenticationProvider.
2024-09-27T08:55:34.869+06:00  WARN 59804 --- [Banking System APIGateway] [main] JpaBaseConfiguration$JpaWebConfiguration : spring.jpa.open-in-view is enabled by default. Therefore, database queries may be performed during view rendering. Explicitly configure spring.jpa.open-in-view to disable this warning
2024-09-27T08:55:35.528+06:00  INFO 59804 --- [Banking System APIGateway] [main] o.s.b.a.e.web.EndpointLinksResolver      : Exposing 1 endpoint beneath base path '/actuator'
2024-09-27T08:55:36.513+06:00  INFO 59804 --- [Banking System APIGateway] [main] o.s.b.w.embedded.tomcat.TomcatWebServer  : Tomcat started on port 7070 (http) with context path '/'
2024-09-27T08:55:36.528+06:00  INFO 59804 --- [Banking System APIGateway] [main] c.a.apigateway.ApiGatewayApplication     : Started ApiGatewayApplication in 12.512 seconds (process running for 17.697)
2024-09-27T09:00:47.109+06:00  INFO 59804 --- [Banking System APIGateway] [http-nio-7070-exec-1] o.a.c.c.C.[Tomcat].[localhost].[/]       : Initializing Spring DispatcherServlet 'dispatcherServlet'
2024-09-27T09:00:47.110+06:00  INFO 59804 --- [Banking System APIGateway] [http-nio-7070-exec-1] o.s.web.servlet.DispatcherServlet        : Initializing Servlet 'dispatcherServlet'
2024-09-27T09:00:47.116+06:00  INFO 59804 --- [Banking System APIGateway] [http-nio-7070-exec-1] o.s.web.servlet.DispatcherServlet        : Completed initialization in 6 ms
2024-09-27T10:22:52.394+06:00  INFO 59804 --- [Banking System APIGateway] [SpringApplicationShutdownHook] j.LocalContainerEntityManagerFactoryBean : Closing JPA EntityManagerFactory for persistence unit 'default'
2024-09-27T10:22:52.419+06:00  INFO 59804 --- [Banking System APIGateway] [SpringApplicationShutdownHook] com.zaxxer.hikari.HikariDataSource       : HikariPool-1 - Shutdown initiated...
2024-09-27T10:22:52.427+06:00  INFO 59804 --- [Banking System APIGateway] [SpringApplicationShutdownHook] com.zaxxer.hikari.HikariDataSource       : HikariPool-1 - Shutdown completed.
